
2018-10-19 06:55:29 	加载配置成功

2018-10-19 06:55:30 	
身份验证错误
2018-10-19 06:56:09 	加载配置成功

2018-10-19 06:56:09 	
身份验证错误
2018-10-19 06:56:18 	
身份验证错误
2018-10-19 06:59:59 	加载配置成功

2018-10-19 07:00:00 	GetWeixinBindUserInfo，未将对象引用设置到对象的实例。   在 MVC01.Controllers.DbDataController.GetWeixinBindUserInfo(String Openid) 位置 f:\Documents\Visual Studio 2013\Projects\DX_DataInterface\DX_DataInterface\Controllers\DataBase\DbDataController.cs:行号 5741
2018-10-19 07:00:19 	GetWeixinBindUserInfo，未将对象引用设置到对象的实例。   在 MVC01.Controllers.DbDataController.GetWeixinBindUserInfo(String Openid) 位置 f:\Documents\Visual Studio 2013\Projects\DX_DataInterface\DX_DataInterface\Controllers\DataBase\DbDataController.cs:行号 5741
2018-10-19 07:00:46 	GetWeixinBindUserInfo，未将对象引用设置到对象的实例。   在 MVC01.Controllers.DbDataController.GetWeixinBindUserInfo(String Openid) 位置 f:\Documents\Visual Studio 2013\Projects\DX_DataInterface\DX_DataInterface\Controllers\DataBase\DbDataController.cs:行号 5741
2018-10-19 07:00:52 	GetWeixinBindUserInfo，未将对象引用设置到对象的实例。   在 MVC01.Controllers.DbDataController.GetWeixinBindUserInfo(String Openid) 位置 f:\Documents\Visual Studio 2013\Projects\DX_DataInterface\DX_DataInterface\Controllers\DataBase\DbDataController.cs:行号 5741
2018-10-19 07:02:13 	GetWeixinBindUserInfo，未将对象引用设置到对象的实例。   在 MVC01.Controllers.DbDataController.GetWeixinBindUserInfo(String Openid) 位置 f:\Documents\Visual Studio 2013\Projects\DX_DataInterface\DX_DataInterface\Controllers\DataBase\DbDataController.cs:行号 5741
2018-10-19 07:03:21 	加载配置成功

2018-10-19 08:49:57 	加载配置成功

2018-10-19 09:33:50 	加载配置成功

2018-10-19 09:55:57 	加载配置成功

2018-10-19 09:57:41 	加载配置成功

2018-10-19 10:06:34 	加载配置成功

2018-10-19 10:13:54 	加载配置成功

2018-10-19 10:27:40 	加载配置成功

2018-10-19 10:29:41 	加载配置成功

2018-10-19 10:32:23 	加载配置成功

2018-10-19 10:43:55 	加载配置成功

2018-10-19 10:44:12 	GetWeixinBindUserName，未将对象引用设置到对象的实例。   在 MVC01.Controllers.DbDataController.GetWeixinBindUserName(String Openid) 位置 f:\Documents\Visual Studio 2013\Projects\DX_DataInterface\DX_DataInterface\Controllers\DataBase\DbDataController.cs:行号 5820
2018-10-19 10:45:14 	GetWeixinBindUserName，未将对象引用设置到对象的实例。   在 MVC01.Controllers.DbDataController.GetWeixinBindUserName(String Openid) 位置 f:\Documents\Visual Studio 2013\Projects\DX_DataInterface\DX_DataInterface\Controllers\DataBase\DbDataController.cs:行号 5820
2018-10-19 10:46:34 	加载配置成功

2018-10-19 10:47:12 	GetWeixinBindUserName，未将对象引用设置到对象的实例。   在 MVC01.Controllers.DbDataController.GetWeixinBindUserName(String Openid) 位置 f:\Documents\Visual Studio 2013\Projects\DX_DataInterface\DX_DataInterface\Controllers\DataBase\DbDataController.cs:行号 5820
2018-10-19 10:48:03 	GetWeixinBindUserName，未将对象引用设置到对象的实例。   在 MVC01.Controllers.DbDataController.GetWeixinBindUserName(String Openid) 位置 f:\Documents\Visual Studio 2013\Projects\DX_DataInterface\DX_DataInterface\Controllers\DataBase\DbDataController.cs:行号 5820
2018-10-19 10:53:05 	
身份验证错误
2018-10-19 10:53:20 	
身份验证错误
2018-10-19 10:53:42 	
身份验证错误
2018-10-19 10:53:45 	
身份验证错误
2018-10-19 10:53:51 	
身份验证错误
2018-10-19 10:53:56 	
身份验证错误
2018-10-19 10:54:07 	
身份验证错误
2018-10-19 10:55:32 	GetWeixinBindUserName，未将对象引用设置到对象的实例。   在 MVC01.Controllers.DbDataController.GetWeixinBindUserName(String Openid) 位置 f:\Documents\Visual Studio 2013\Projects\DX_DataInterface\DX_DataInterface\Controllers\DataBase\DbDataController.cs:行号 5820
2018-10-19 10:55:40 	GetWeixinBindUserName，未将对象引用设置到对象的实例。   在 MVC01.Controllers.DbDataController.GetWeixinBindUserName(String Openid) 位置 f:\Documents\Visual Studio 2013\Projects\DX_DataInterface\DX_DataInterface\Controllers\DataBase\DbDataController.cs:行号 5820
2018-10-19 10:55:48 	GetWeixinBindUserName，未将对象引用设置到对象的实例。   在 MVC01.Controllers.DbDataController.GetWeixinBindUserName(String Openid) 位置 f:\Documents\Visual Studio 2013\Projects\DX_DataInterface\DX_DataInterface\Controllers\DataBase\DbDataController.cs:行号 5820
2018-10-19 11:39:18 	加载配置成功

2018-10-19 11:48:40 	加载配置成功

2018-10-19 11:50:21 	GetWeixinBindUserName，未将对象引用设置到对象的实例。   在 MVC01.Controllers.DbDataController.GetWeixinBindUserName(String Openid) 位置 f:\Documents\Visual Studio 2013\Projects\DX_DataInterface\DX_DataInterface\Controllers\DataBase\DbDataController.cs:行号 5820
2018-10-19 12:27:23 	   在 System.Number.StringToNumber(String str, NumberStyles options, NumberBuffer& number, NumberFormatInfo info, Boolean parseDecimal)
   在 System.Number.ParseInt32(String s, NumberStyles style, NumberFormatInfo info)
   在 System.Convert.ToInt32(String value)
   在 DX_DataInterface.Controllers.HomeController.Mobile_Index(String state, String p, String id) 位置 f:\Documents\Visual Studio 2013\Projects\DX_DataInterface\DX_DataInterface\Controllers\HomeController.cs:行号 231输入字符串的格式不正确。
2018-10-19 12:28:23 	   在 System.Number.StringToNumber(String str, NumberStyles options, NumberBuffer& number, NumberFormatInfo info, Boolean parseDecimal)
   在 System.Number.ParseInt32(String s, NumberStyles style, NumberFormatInfo info)
   在 System.Convert.ToInt32(String value)
   在 DX_DataInterface.Controllers.HomeController.Mobile_Index(String state, String p, String id) 位置 f:\Documents\Visual Studio 2013\Projects\DX_DataInterface\DX_DataInterface\Controllers\HomeController.cs:行号 231输入字符串的格式不正确。
2018-10-19 12:30:03 	   在 System.Number.StringToNumber(String str, NumberStyles options, NumberBuffer& number, NumberFormatInfo info, Boolean parseDecimal)
   在 System.Number.ParseInt32(String s, NumberStyles style, NumberFormatInfo info)
   在 System.Convert.ToInt32(String value)
   在 DX_DataInterface.Controllers.HomeController.Mobile_Index(String state, String p, String id) 位置 f:\Documents\Visual Studio 2013\Projects\DX_DataInterface\DX_DataInterface\Controllers\HomeController.cs:行号 231输入字符串的格式不正确。
2018-10-19 12:31:09 	   在 System.Number.StringToNumber(String str, NumberStyles options, NumberBuffer& number, NumberFormatInfo info, Boolean parseDecimal)
   在 System.Number.ParseInt32(String s, NumberStyles style, NumberFormatInfo info)
   在 System.Convert.ToInt32(String value)
   在 DX_DataInterface.Controllers.HomeController.Mobile_Index(String state, String p, String id) 位置 f:\Documents\Visual Studio 2013\Projects\DX_DataInterface\DX_DataInterface\Controllers\HomeController.cs:行号 231输入字符串的格式不正确。
2018-10-19 12:32:13 	   在 System.Number.StringToNumber(String str, NumberStyles options, NumberBuffer& number, NumberFormatInfo info, Boolean parseDecimal)
   在 System.Number.ParseInt32(String s, NumberStyles style, NumberFormatInfo info)
   在 System.Convert.ToInt32(String value)
   在 DX_DataInterface.Controllers.HomeController.Mobile_Index(String state, String p, String id) 位置 f:\Documents\Visual Studio 2013\Projects\DX_DataInterface\DX_DataInterface\Controllers\HomeController.cs:行号 231输入字符串的格式不正确。
2018-10-19 12:32:37 	   在 System.Number.StringToNumber(String str, NumberStyles options, NumberBuffer& number, NumberFormatInfo info, Boolean parseDecimal)
   在 System.Number.ParseInt32(String s, NumberStyles style, NumberFormatInfo info)
   在 System.Convert.ToInt32(String value)
   在 DX_DataInterface.Controllers.HomeController.Mobile_Index(String state, String p, String id) 位置 f:\Documents\Visual Studio 2013\Projects\DX_DataInterface\DX_DataInterface\Controllers\HomeController.cs:行号 231输入字符串的格式不正确。
2018-10-19 12:32:37 	   在 System.Number.StringToNumber(String str, NumberStyles options, NumberBuffer& number, NumberFormatInfo info, Boolean parseDecimal)
   在 System.Number.ParseInt32(String s, NumberStyles style, NumberFormatInfo info)
   在 System.Convert.ToInt32(String value)
   在 DX_DataInterface.Controllers.HomeController.Mobile_Index(String state, String p, String id) 位置 f:\Documents\Visual Studio 2013\Projects\DX_DataInterface\DX_DataInterface\Controllers\HomeController.cs:行号 231输入字符串的格式不正确。
2018-10-19 13:07:49 	加载配置成功

2018-10-19 13:19:16 	加载配置成功

2018-10-19 13:27:57 	加载配置成功

2018-10-19 13:32:35 	加载配置成功

2018-10-19 13:34:16 	加载配置成功

2018-10-19 13:34:56 	
身份验证错误
2018-10-19 13:55:54 	加载配置成功

2018-10-19 13:59:07 	加载配置成功

2018-10-19 14:00:30 	加载配置成功

2018-10-19 14:02:07 	
身份验证错误
2018-10-19 14:04:44 	加载配置成功

2018-10-19 14:16:43 	加载配置成功

2018-10-19 14:24:18 	加载配置成功

2018-10-19 14:27:10 	加载配置成功

2018-10-19 14:29:16 	加载配置成功

2018-10-19 14:30:10 	加载配置成功

2018-10-19 14:31:04 	加载配置成功

2018-10-19 14:47:38 	加载配置成功

2018-10-19 14:55:48 	加载配置成功

2018-10-19 14:56:51 	加载配置成功

2018-10-19 14:57:59 	加载配置成功

2018-10-19 14:59:15 	GetWeixinBindUserName，未将对象引用设置到对象的实例。   在 MVC01.Controllers.DbDataController.GetWeixinBindUserName(String Openid) 位置 f:\Documents\Visual Studio 2013\Projects\DX_DataInterface\DX_DataInterface\Controllers\DataBase\DbDataController.cs:行号 5820
2018-10-19 15:00:52 	GetWeixinBindUserName，未将对象引用设置到对象的实例。   在 MVC01.Controllers.DbDataController.GetWeixinBindUserName(String Openid) 位置 f:\Documents\Visual Studio 2013\Projects\DX_DataInterface\DX_DataInterface\Controllers\DataBase\DbDataController.cs:行号 5820
2018-10-19 15:03:04 	GetWeixinBindUserName，未将对象引用设置到对象的实例。   在 MVC01.Controllers.DbDataController.GetWeixinBindUserName(String Openid) 位置 f:\Documents\Visual Studio 2013\Projects\DX_DataInterface\DX_DataInterface\Controllers\DataBase\DbDataController.cs:行号 5820
2018-10-19 15:05:33 	加载配置成功

2018-10-19 15:16:26 	
身份验证错误
2018-10-19 15:22:51 	
身份验证错误
2018-10-19 15:55:24 	加载配置成功

2018-10-19 16:15:13 	加载配置成功

2018-10-19 16:17:54 	加载配置成功

2018-10-19 18:24:44 	GetWeixinBindUserName，未将对象引用设置到对象的实例。   在 MVC01.Controllers.DbDataController.GetWeixinBindUserName(String Openid) 位置 f:\Documents\Visual Studio 2013\Projects\DX_DataInterface\DX_DataInterface\Controllers\DataBase\DbDataController.cs:行号 5820
2018-10-19 18:24:46 	SetWeixinBindUserName，在位置 0 处没有任何行。   在 System.Data.RBTree`1.GetNodeByIndex(Int32 userIndex)
   在 System.Data.DataRowCollection.get_Item(Int32 index)
   在 MVC01.Controllers.DbDataController.GetWeixinPicture(String Openid) 位置 f:\Documents\Visual Studio 2013\Projects\DX_DataInterface\DX_DataInterface\Controllers\DataBase\DbDataController.cs:行号 6002
2018-10-19 18:25:15 	SetWeixinBindUserName，在位置 0 处没有任何行。   在 System.Data.RBTree`1.GetNodeByIndex(Int32 userIndex)
   在 System.Data.DataRowCollection.get_Item(Int32 index)
   在 MVC01.Controllers.DbDataController.GetWeixinPicture(String Openid) 位置 f:\Documents\Visual Studio 2013\Projects\DX_DataInterface\DX_DataInterface\Controllers\DataBase\DbDataController.cs:行号 6002
2018-10-19 18:25:24 	SetWeixinBindUserName，在位置 0 处没有任何行。   在 System.Data.RBTree`1.GetNodeByIndex(Int32 userIndex)
   在 System.Data.DataRowCollection.get_Item(Int32 index)
   在 MVC01.Controllers.DbDataController.GetWeixinPicture(String Openid) 位置 f:\Documents\Visual Studio 2013\Projects\DX_DataInterface\DX_DataInterface\Controllers\DataBase\DbDataController.cs:行号 6002
2018-10-19 19:07:38 	GetWeixinBindUserName，未将对象引用设置到对象的实例。   在 MVC01.Controllers.DbDataController.GetWeixinBindUserName(String Openid) 位置 f:\Documents\Visual Studio 2013\Projects\DX_DataInterface\DX_DataInterface\Controllers\DataBase\DbDataController.cs:行号 5820