
2018-06-10 08:17:20 	加载配置成功

2018-06-10 08:17:43 	加载配置成功

2018-06-10 08:18:22 	加载配置成功

2018-06-10 08:19:49 	加载配置成功

2018-06-10 08:21:09 	加载配置成功

2018-06-10 08:21:29 	加载配置成功

2018-06-10 08:21:45 	加载配置成功

2018-06-10 08:23:00 	加载配置成功

2018-06-10 08:27:42 	加载配置成功

2018-06-10 08:36:47 	加载配置成功

2018-06-10 08:37:50 	加载配置成功

2018-06-10 13:14:52 	加载配置成功

2018-06-10 13:21:40 	加载配置成功

2018-06-10 13:40:14 	加载配置成功

2018-06-10 14:21:13 	加载配置成功

2018-06-10 14:44:37 	加载配置成功

2018-06-10 15:05:01 	加载配置成功

2018-06-10 16:26:55 	加载配置成功

2018-06-10 16:44:59 	加载配置成功

2018-06-10 16:45:05 	加载配置成功

2018-06-10 16:49:11 	加载配置成功

2018-06-10 18:15:41 	加载配置成功

2018-06-10 19:07:58 	加载配置成功

2018-06-10 19:09:08 	
身份验证错误,未能加载文件或程序集“Oracle.ManagedDataAccess, Version=4.121.1.0, Culture=neutral, PublicKeyToken=89b483f429c47342”或它的某一个依赖项。系统找不到指定的文件。未将对象引用设置到对象的实例。   在 MVC01.Controllers.DbDataController.AuthenticationMD5(String UserName, String PasswordMD5) 位置 f:\Documents\Visual Studio 2013\Projects\DX_DataInterface\DX_DataInterface\Controllers\DataBase\DbDataController.cs:行号 65
2018-06-10 19:09:37 	
身份验证错误,未能加载文件或程序集“Oracle.ManagedDataAccess, Version=4.121.1.0, Culture=neutral, PublicKeyToken=89b483f429c47342”或它的某一个依赖项。系统找不到指定的文件。未将对象引用设置到对象的实例。   在 MVC01.Controllers.DbDataController.AuthenticationMD5(String UserName, String PasswordMD5) 位置 f:\Documents\Visual Studio 2013\Projects\DX_DataInterface\DX_DataInterface\Controllers\DataBase\DbDataController.cs:行号 65
2018-06-10 19:10:29 	
身份验证错误,未能加载文件或程序集“Oracle.ManagedDataAccess, Version=4.121.1.0, Culture=neutral, PublicKeyToken=89b483f429c47342”或它的某一个依赖项。系统找不到指定的文件。未将对象引用设置到对象的实例。   在 MVC01.Controllers.DbDataController.AuthenticationMD5(String UserName, String PasswordMD5) 位置 f:\Documents\Visual Studio 2013\Projects\DX_DataInterface\DX_DataInterface\Controllers\DataBase\DbDataController.cs:行号 65
2018-06-10 19:10:31 	
身份验证错误,未能加载文件或程序集“Oracle.ManagedDataAccess, Version=4.121.1.0, Culture=neutral, PublicKeyToken=89b483f429c47342”或它的某一个依赖项。系统找不到指定的文件。未将对象引用设置到对象的实例。   在 MVC01.Controllers.DbDataController.AuthenticationMD5(String UserName, String PasswordMD5) 位置 f:\Documents\Visual Studio 2013\Projects\DX_DataInterface\DX_DataInterface\Controllers\DataBase\DbDataController.cs:行号 65
2018-06-10 19:10:43 	
身份验证错误,未能加载文件或程序集“Oracle.ManagedDataAccess, Version=4.121.1.0, Culture=neutral, PublicKeyToken=89b483f429c47342”或它的某一个依赖项。系统找不到指定的文件。未将对象引用设置到对象的实例。   在 MVC01.Controllers.DbDataController.AuthenticationMD5(String UserName, String PasswordMD5) 位置 f:\Documents\Visual Studio 2013\Projects\DX_DataInterface\DX_DataInterface\Controllers\DataBase\DbDataController.cs:行号 65
2018-06-10 19:10:57 	加载配置成功

2018-06-10 19:13:54 	加载配置成功

2018-06-10 19:15:19 	身份验证有误：未能加载文件或程序集“Oracle.ManagedDataAccess, Version=4.121.1.0, Culture=neutral, PublicKeyToken=89b483f429c47342”或它的某一个依赖项。系统找不到指定的文件。

2018-06-10 19:15:24 	加载配置成功

2018-06-10 19:15:33 	加载配置成功

2018-06-10 19:16:09 	身份验证有误：未能加载文件或程序集“MySql.Data, Version=5.2.3.0, Culture=neutral, PublicKeyToken=c5687fc88969c44d”或它的某一个依赖项。系统找不到指定的文件。

2018-06-10 19:16:19 	加载配置成功

2018-06-10 19:17:18 	加载配置成功

2018-06-10 19:18:21 	加载配置成功

2018-06-10 19:18:38 	GetUserTel，未将对象引用设置到对象的实例。   在 MVC01.Controllers.DbDataController.GetUserTel(String UserName) 位置 f:\Documents\Visual Studio 2013\Projects\DX_DataInterface\DX_DataInterface\Controllers\DataBase\DbDataController.cs:行号 1514
2018-06-10 19:18:38 	GetUserTelName，未将对象引用设置到对象的实例。   在 MVC01.Controllers.DbDataController.GetUserTelName(String UserName) 位置 f:\Documents\Visual Studio 2013\Projects\DX_DataInterface\DX_DataInterface\Controllers\DataBase\DbDataController.cs:行号 1750
2018-06-10 19:19:51 	GetUserTel，未将对象引用设置到对象的实例。   在 MVC01.Controllers.DbDataController.GetUserTel(String UserName) 位置 f:\Documents\Visual Studio 2013\Projects\DX_DataInterface\DX_DataInterface\Controllers\DataBase\DbDataController.cs:行号 1514
2018-06-10 19:19:51 	GetUserTelName，未将对象引用设置到对象的实例。   在 MVC01.Controllers.DbDataController.GetUserTelName(String UserName) 位置 f:\Documents\Visual Studio 2013\Projects\DX_DataInterface\DX_DataInterface\Controllers\DataBase\DbDataController.cs:行号 1750
2018-06-10 19:22:55 	GetUserTel，未将对象引用设置到对象的实例。   在 MVC01.Controllers.DbDataController.GetUserTel(String UserName) 位置 f:\Documents\Visual Studio 2013\Projects\DX_DataInterface\DX_DataInterface\Controllers\DataBase\DbDataController.cs:行号 1514
2018-06-10 19:22:55 	GetUserTelName，未将对象引用设置到对象的实例。   在 MVC01.Controllers.DbDataController.GetUserTelName(String UserName) 位置 f:\Documents\Visual Studio 2013\Projects\DX_DataInterface\DX_DataInterface\Controllers\DataBase\DbDataController.cs:行号 1750
2018-06-10 19:23:55 	加载配置成功

2018-06-10 19:24:50 	加载配置成功

2018-06-10 19:25:17 	GetUserTelName，未将对象引用设置到对象的实例。   在 MVC01.Controllers.DbDataController.GetUserTelName(String UserName) 位置 f:\Documents\Visual Studio 2013\Projects\DX_DataInterface\DX_DataInterface\Controllers\DataBase\DbDataController.cs:行号 1773
2018-06-10 19:40:54 	加载配置成功

2018-06-10 19:41:12 	GetUserTelName，未将对象引用设置到对象的实例。   在 MVC01.Controllers.DbDataController.GetUserTelName(String UserName) 位置 f:\Documents\Visual Studio 2013\Projects\DX_DataInterface\DX_DataInterface\Controllers\DataBase\DbDataController.cs:行号 1774
2018-06-10 19:45:44 	加载配置成功

2018-06-10 19:48:13 	加载配置成功

2018-06-10 19:50:50 	加载配置成功

2018-06-10 19:53:27 	加载配置成功

2018-06-10 19:53:46 	
身份验证错误,OK
2018-06-10 19:54:54 	加载配置成功
