
2019-02-16 09:10:57 	加载配置成功

2019-02-16 10:59:50 	加载配置成功

2019-02-16 10:59:51 	身份验证有误：给定关键字不在字典中。

2019-02-16 10:59:55 	身份验证有误：给定关键字不在字典中。

2019-02-16 11:00:39 	身份验证有误：给定关键字不在字典中。

2019-02-16 11:00:52 	身份验证有误：给定关键字不在字典中。

2019-02-16 11:20:50 	加载配置成功

2019-02-16 11:20:50 	身份验证有误：未能加载文件或程序集“MySql.Data, Version=5.2.3.0, Culture=neutral, PublicKeyToken=c5687fc88969c44d”或它的某一个依赖项。系统找不到指定的文件。

2019-02-16 11:20:56 	身份验证有误：未能加载文件或程序集“MySql.Data, Version=5.2.3.0, Culture=neutral, PublicKeyToken=c5687fc88969c44d”或它的某一个依赖项。系统找不到指定的文件。

2019-02-16 11:24:38 	加载配置成功

2019-02-16 11:25:00 	加载配置成功

2019-02-16 11:25:00 	身份验证有误：未能加载文件或程序集“MySql.Data, Version=5.2.3.0, Culture=neutral, PublicKeyToken=c5687fc88969c44d”或它的某一个依赖项。找到的程序集清单定义与程序集引用不匹配。 (异常来自 HRESULT:0x80131040)

2019-02-16 11:25:06 	身份验证有误：未能加载文件或程序集“MySql.Data, Version=5.2.3.0, Culture=neutral, PublicKeyToken=c5687fc88969c44d”或它的某一个依赖项。找到的程序集清单定义与程序集引用不匹配。 (异常来自 HRESULT:0x80131040)

2019-02-16 11:26:31 	加载配置成功

2019-02-16 11:26:32 	身份验证有误：未能加载文件或程序集“MySql.Data, Version=5.2.3.0, Culture=neutral, PublicKeyToken=c5687fc88969c44d”或它的某一个依赖项。找到的程序集清单定义与程序集引用不匹配。 (异常来自 HRESULT:0x80131040)

2019-02-16 11:26:34 	身份验证有误：未能加载文件或程序集“MySql.Data, Version=5.2.3.0, Culture=neutral, PublicKeyToken=c5687fc88969c44d”或它的某一个依赖项。找到的程序集清单定义与程序集引用不匹配。 (异常来自 HRESULT:0x80131040)

2019-02-16 11:26:50 	加载配置成功

2019-02-16 11:26:56 	GetRealData->QueryAndRreturnAdapter Error:不支持关键字: “port”。
2019-02-16 11:26:56 	GetRealData->QueryAndRreturnAdapter:SELECT ST,TT,Z,VT, UT FROM [tempdata] where  ST='1705130004' ;
2019-02-16 11:26:56 	192.168.1.138;Port=3306
2019-02-16 11:26:56 	water
2019-02-16 11:26:56 	water
2019-02-16 11:26:56 	123456
2019-02-16 11:27:06 	加载配置成功

2019-02-16 11:27:09 	GetRealData->QueryAndRreturnAdapter Error:不支持关键字: “port”。
2019-02-16 11:27:09 	GetRealData->QueryAndRreturnAdapter:SELECT ST,TT,Z,VT, UT FROM [tempdata] where  ST='1705130004' ;
2019-02-16 11:27:09 	192.168.1.138;Port=3306
2019-02-16 11:27:09 	water
2019-02-16 11:27:09 	water
2019-02-16 11:27:09 	123456
2019-02-16 11:27:12 	GetRealData->QueryAndRreturnAdapter Error:不支持关键字: “port”。
2019-02-16 11:27:12 	GetRealData->QueryAndRreturnAdapter:SELECT ST,TT,Z,VA,SBL1,VT,CQ1, UT FROM [tempdata] where  ST='0137000002' ;
2019-02-16 11:27:12 	192.168.1.138;Port=3306
2019-02-16 11:27:12 	water
2019-02-16 11:27:12 	water
2019-02-16 11:27:12 	123456
2019-02-16 11:28:08 	加载配置成功

2019-02-16 11:28:11 	GetRealData->QueryAndRreturnAdapter Error:不支持关键字: “port”。
2019-02-16 11:28:11 	GetRealData->QueryAndRreturnAdapter:SELECT ST,TT,Z,VT, UT FROM [tempdata] where  ST='1705130004' ;
2019-02-16 11:28:11 	192.168.1.138;Port=3306
2019-02-16 11:28:11 	water
2019-02-16 11:28:11 	water
2019-02-16 11:28:11 	123456
2019-02-16 11:29:39 	加载配置成功

2019-02-16 11:41:41 	加载配置成功

2019-02-16 11:46:04 	加载配置成功

2019-02-16 11:46:04 	身份验证有误：给定关键字不在字典中。

2019-02-16 11:46:39 	加载配置成功

2019-02-16 11:46:39 	身份验证有误：未能加载文件或程序集“MySql.Data, Version=5.2.3.0, Culture=neutral, PublicKeyToken=c5687fc88969c44d”或它的某一个依赖项。系统找不到指定的文件。

2019-02-16 11:46:46 	身份验证有误：未能加载文件或程序集“MySql.Data, Version=5.2.3.0, Culture=neutral, PublicKeyToken=c5687fc88969c44d”或它的某一个依赖项。系统找不到指定的文件。

2019-02-16 11:48:11 	加载配置成功

2019-02-16 11:48:11 	身份验证有误：给定关键字不在字典中。

2019-02-16 11:48:39 	加载配置成功

2019-02-16 11:48:39 	身份验证有误：给定关键字不在字典中。

2019-02-16 11:48:43 	身份验证有误：给定关键字不在字典中。

2019-02-16 11:49:53 	加载配置成功

2019-02-16 11:49:53 	身份验证有误：给定关键字不在字典中。

2019-02-16 11:50:19 	加载配置成功

2019-02-16 12:19:34 	加载配置成功

2019-02-16 14:21:24 	加载配置成功

2019-02-16 14:21:24 	身份验证有误：未能加载文件或程序集“Oracle.ManagedDataAccess, Version=4.121.1.0, Culture=neutral, PublicKeyToken=89b483f429c47342”或它的某一个依赖项。系统找不到指定的文件。

2019-02-16 14:21:30 	身份验证有误：未能加载文件或程序集“Oracle.ManagedDataAccess, Version=4.121.1.0, Culture=neutral, PublicKeyToken=89b483f429c47342”或它的某一个依赖项。系统找不到指定的文件。

2019-02-16 14:21:57 	加载配置成功

2019-02-16 16:41:27 	
身份验证错误
2019-02-16 17:04:54 	
身份验证错误