
2019-03-21 08:48:24 	加载配置成功

2019-03-21 08:48:36 	
身份验证错误
2019-03-21 09:16:06 	加载配置成功

2019-03-21 09:17:23 	
身份验证错误
2019-03-21 09:17:47 	
身份验证错误
2019-03-21 09:20:55 	加载配置成功

2019-03-21 09:22:38 	
身份验证错误
2019-03-21 09:23:13 	加载配置成功

2019-03-21 09:23:19 	
身份验证错误
2019-03-21 09:30:21 	加载配置成功

2019-03-21 09:30:21 	
身份验证错误
2019-03-21 09:30:25 	
身份验证错误
2019-03-21 09:30:25 	
身份验证错误
2019-03-21 09:30:26 	
身份验证错误
2019-03-21 09:30:26 	
身份验证错误
2019-03-21 09:30:27 	
身份验证错误
2019-03-21 09:30:27 	
身份验证错误
2019-03-21 09:36:26 	加载配置成功

2019-03-21 09:36:26 	
身份验证错误
2019-03-21 09:39:33 	加载配置成功

2019-03-21 09:39:33 	
身份验证错误
2019-03-21 09:40:04 	
身份验证错误
2019-03-21 09:40:12 	加载配置成功

2019-03-21 09:40:12 	
身份验证错误
2019-03-21 09:40:22 	
身份验证错误
2019-03-21 09:40:27 	
身份验证错误
2019-03-21 09:40:28 	
身份验证错误
2019-03-21 09:40:29 	
身份验证错误
2019-03-21 09:45:08 	
身份验证错误
2019-03-21 09:45:09 	
身份验证错误
2019-03-21 09:45:57 	加载配置成功

2019-03-21 09:45:57 	
身份验证错误
2019-03-21 09:46:29 	加载配置成功

2019-03-21 09:46:29 	
身份验证错误
2019-03-21 09:49:25 	
身份验证错误
2019-03-21 09:50:38 	加载配置成功

2019-03-21 09:50:38 	
身份验证错误
2019-03-21 09:51:23 	加载配置成功

2019-03-21 09:51:23 	
身份验证错误
2019-03-21 09:51:28 	
身份验证错误
2019-03-21 09:51:30 	
身份验证错误
2019-03-21 09:52:03 	加载配置成功

2019-03-21 09:52:03 	
身份验证错误
2019-03-21 09:54:31 	
身份验证错误
2019-03-21 10:03:25 	加载配置成功

2019-03-21 10:03:25 	
身份验证错误
2019-03-21 10:03:54 	加载配置成功

2019-03-21 10:03:54 	
身份验证错误
2019-03-21 10:05:59 	加载配置成功

2019-03-21 10:05:59 	
身份验证错误
2019-03-21 10:06:15 	加载配置成功

2019-03-21 10:06:15 	
身份验证错误
2019-03-21 10:08:52 	
身份验证错误
2019-03-21 10:11:21 	加载配置成功

2019-03-21 10:13:06 	加载配置成功

2019-03-21 10:14:39 	加载配置成功

2019-03-21 10:25:31 	加载配置成功

2019-03-21 10:28:03 	加载配置成功

2019-03-21 10:29:48 	加载配置成功

2019-03-21 10:31:08 	加载配置成功

2019-03-21 10:32:28 	
身份验证错误
2019-03-21 10:34:58 	
身份验证错误
2019-03-21 10:36:20 	
身份验证错误
2019-03-21 10:46:43 	
身份验证错误
2019-03-21 10:46:46 	
身份验证错误
2019-03-21 11:01:22 	
身份验证错误
2019-03-21 11:01:32 	DeleteUserBindWeixin，无法找到表 0。   在 System.Data.DataTableCollection.get_Item(Int32 index)
   在 MVC01.Controllers.DbDataController.DeleteUserBindWeixin(String USER)
2019-03-21 11:11:45 	加载配置成功

2019-03-21 11:17:00 	加载配置成功

2019-03-21 11:17:45 	加载配置成功

2019-03-21 11:17:46 	加载配置成功

2019-03-21 11:22:08 	加载配置成功

2019-03-21 11:23:24 	
身份验证错误
2019-03-21 11:32:06 	加载配置成功

2019-03-21 11:37:06 	
身份验证错误
2019-03-21 11:42:49 	
身份验证错误
2019-03-21 11:42:49 	
身份验证错误
2019-03-21 11:42:49 	
身份验证错误
2019-03-21 11:43:00 	
身份验证错误
2019-03-21 11:43:00 	
身份验证错误
2019-03-21 11:43:00 	
身份验证错误
2019-03-21 11:43:45 	
身份验证错误
2019-03-21 11:43:48 	
身份验证错误
2019-03-21 11:43:59 	
身份验证错误
2019-03-21 11:47:17 	
身份验证错误
2019-03-21 11:50:53 	
身份验证错误
2019-03-21 11:53:50 	
身份验证错误
2019-03-21 12:07:40 	
身份验证错误
2019-03-21 12:07:40 	
身份验证错误
2019-03-21 12:07:40 	
身份验证错误
2019-03-21 12:07:51 	
身份验证错误
2019-03-21 12:08:39 	
身份验证错误
2019-03-21 12:08:40 	
身份验证错误
2019-03-21 12:38:15 	加载配置成功

2019-03-21 13:19:35 	加载配置成功

2019-03-21 13:19:35 	
身份验证错误
2019-03-21 13:22:23 	
身份验证错误
2019-03-21 13:53:38 	加载配置成功

2019-03-21 13:53:38 	
身份验证错误
2019-03-21 14:21:44 	加载配置成功

2019-03-21 14:21:44 	
身份验证错误
2019-03-21 16:51:52 	
身份验证错误
2019-03-21 18:20:13 	加载配置成功

2019-03-21 18:20:13 	
身份验证错误
2019-03-21 19:40:30 	加载配置成功

2019-03-21 20:18:09 	加载配置成功

2019-03-21 21:21:08 	加载配置成功

2019-03-21 22:18:52 	
身份验证错误
2019-03-21 22:44:03 	加载配置成功

2019-03-21 23:18:34 	加载配置成功

2019-03-21 23:18:34 	
身份验证错误