
2018-06-17 06:56:43 	加载配置成功

2018-06-17 06:57:26 	加载配置成功

2018-06-17 06:58:24 	加载配置成功

2018-06-17 07:36:27 	
身份验证错误,OK
2018-06-17 07:36:40 	
身份验证错误,OK
2018-06-17 08:00:52 	加载配置成功

2018-06-17 08:08:31 	加载配置成功

2018-06-17 08:08:55 	
身份验证错误,OK
2018-06-17 08:09:39 	   在 DX_DataInterface.Controllers.HomeController.GetUserInfoList(Int32 Rights, String SerialListString) 位置 f:\Documents\Visual Studio 2013\Projects\DX_DataInterface\DX_DataInterface\Controllers\HomeController.cs:行号 420未将对象引用设置到对象的实例。
2018-06-17 08:10:43 	加载配置成功

2018-06-17 08:10:49 	   在 DX_DataInterface.Controllers.HomeController.GetUserInfoList(Int32 Rights, String SerialListString) 位置 f:\Documents\Visual Studio 2013\Projects\DX_DataInterface\DX_DataInterface\Controllers\HomeController.cs:行号 420未将对象引用设置到对象的实例。
2018-06-17 08:20:08 	加载配置成功

2018-06-17 08:20:21 	   在 DX_DataInterface.Controllers.HomeController.GetUserInfoList(Int32 Rights, String SerialListString) 位置 f:\Documents\Visual Studio 2013\Projects\DX_DataInterface\DX_DataInterface\Controllers\HomeController.cs:行号 420未将对象引用设置到对象的实例。
2018-06-17 08:21:19 	加载配置成功

2018-06-17 08:23:37 	   在 DX_DataInterface.Controllers.HomeController.GetUserInfoList(Int32 Rights, String SerialListString) 位置 f:\Documents\Visual Studio 2013\Projects\DX_DataInterface\DX_DataInterface\Controllers\HomeController.cs:行号 420未将对象引用设置到对象的实例。
2018-06-17 08:23:49 	   在 DX_DataInterface.Controllers.HomeController.GetUserInfoList(Int32 Rights, String SerialListString) 位置 f:\Documents\Visual Studio 2013\Projects\DX_DataInterface\DX_DataInterface\Controllers\HomeController.cs:行号 420未将对象引用设置到对象的实例。
2018-06-17 08:24:45 	   在 DX_DataInterface.Controllers.HomeController.GetUserInfoList(Int32 Rights, String SerialListString) 位置 f:\Documents\Visual Studio 2013\Projects\DX_DataInterface\DX_DataInterface\Controllers\HomeController.cs:行号 420未将对象引用设置到对象的实例。
2018-06-17 08:24:49 	
身份验证错误,OK
2018-06-17 08:26:47 	   在 DX_DataInterface.Controllers.HomeController.GetUserInfoList(Int32 Rights, String SerialListString) 位置 f:\Documents\Visual Studio 2013\Projects\DX_DataInterface\DX_DataInterface\Controllers\HomeController.cs:行号 420未将对象引用设置到对象的实例。
2018-06-17 08:27:44 	   在 DX_DataInterface.Controllers.HomeController.GetUserInfoList(Int32 Rights, String SerialListString) 位置 f:\Documents\Visual Studio 2013\Projects\DX_DataInterface\DX_DataInterface\Controllers\HomeController.cs:行号 420未将对象引用设置到对象的实例。
2018-06-17 08:28:48 	   在 DX_DataInterface.Controllers.HomeController.GetUserInfoList(Int32 Rights, String SerialListString) 位置 f:\Documents\Visual Studio 2013\Projects\DX_DataInterface\DX_DataInterface\Controllers\HomeController.cs:行号 420未将对象引用设置到对象的实例。
2018-06-17 08:29:38 	加载配置成功

2018-06-17 08:31:10 	加载配置成功

2018-06-17 08:34:32 	加载配置成功

2018-06-17 08:34:40 	加载配置成功

2018-06-17 08:38:48 	加载配置成功

2018-06-17 08:50:03 	QueryData，未将对象引用设置到对象的实例。   在 MVC01.Controllers.DbDataController.GetGeneralUserInfoListForSerial(String[] SerialList) 位置 f:\Documents\Visual Studio 2013\Projects\DX_DataInterface\DX_DataInterface\Controllers\DataBase\DbDataController.cs:行号 2491
2018-06-17 08:50:21 	QueryData，未将对象引用设置到对象的实例。   在 MVC01.Controllers.DbDataController.GetGeneralUserInfoListForSerial(String[] SerialList) 位置 f:\Documents\Visual Studio 2013\Projects\DX_DataInterface\DX_DataInterface\Controllers\DataBase\DbDataController.cs:行号 2491
2018-06-17 08:50:42 	QueryData，未将对象引用设置到对象的实例。   在 MVC01.Controllers.DbDataController.GetGeneralUserInfoListForSerial(String[] SerialList) 位置 f:\Documents\Visual Studio 2013\Projects\DX_DataInterface\DX_DataInterface\Controllers\DataBase\DbDataController.cs:行号 2491
2018-06-17 08:53:07 	QueryData，未将对象引用设置到对象的实例。   在 MVC01.Controllers.DbDataController.GetGeneralUserInfoListForSerial(String[] SerialList) 位置 f:\Documents\Visual Studio 2013\Projects\DX_DataInterface\DX_DataInterface\Controllers\DataBase\DbDataController.cs:行号 2491
2018-06-17 08:53:16 	QueryData，未将对象引用设置到对象的实例。   在 MVC01.Controllers.DbDataController.GetGeneralUserInfoListForSerial(String[] SerialList) 位置 f:\Documents\Visual Studio 2013\Projects\DX_DataInterface\DX_DataInterface\Controllers\DataBase\DbDataController.cs:行号 2491
2018-06-17 08:53:42 	QueryData，未将对象引用设置到对象的实例。   在 MVC01.Controllers.DbDataController.GetGeneralUserInfoListForSerial(String[] SerialList) 位置 f:\Documents\Visual Studio 2013\Projects\DX_DataInterface\DX_DataInterface\Controllers\DataBase\DbDataController.cs:行号 2491
2018-06-17 08:54:03 	QueryData，未将对象引用设置到对象的实例。   在 MVC01.Controllers.DbDataController.GetGeneralUserInfoListForSerial(String[] SerialList) 位置 f:\Documents\Visual Studio 2013\Projects\DX_DataInterface\DX_DataInterface\Controllers\DataBase\DbDataController.cs:行号 2491
2018-06-17 08:54:29 	QueryData，未将对象引用设置到对象的实例。   在 MVC01.Controllers.DbDataController.GetGeneralUserInfoListForSerial(String[] SerialList) 位置 f:\Documents\Visual Studio 2013\Projects\DX_DataInterface\DX_DataInterface\Controllers\DataBase\DbDataController.cs:行号 2491
2018-06-17 08:55:06 	QueryData，未将对象引用设置到对象的实例。   在 MVC01.Controllers.DbDataController.GetGeneralUserInfoListForSerial(String[] SerialList) 位置 f:\Documents\Visual Studio 2013\Projects\DX_DataInterface\DX_DataInterface\Controllers\DataBase\DbDataController.cs:行号 2491
2018-06-17 09:10:11 	加载配置成功

2018-06-17 09:13:51 	加载配置成功

2018-06-17 10:01:52 	加载配置成功

2018-06-17 10:30:45 	加载配置成功

2018-06-17 12:59:04 	加载配置成功

2018-06-17 15:15:28 	加载配置成功

2018-06-17 15:32:11 	加载配置成功

2018-06-17 15:52:25 	加载配置成功

2018-06-17 16:04:30 	加载配置成功

2018-06-17 16:22:39 	加载配置成功

2018-06-17 17:03:10 	加载配置成功

2018-06-17 17:24:34 	加载配置成功

2018-06-17 17:37:57 	加载配置成功

2018-06-17 17:47:50 	加载配置成功

2018-06-17 17:58:14 	加载配置成功

2018-06-17 18:28:51 	加载配置成功

2018-06-17 18:39:08 	加载配置成功

2018-06-17 18:48:30 	加载配置成功

2018-06-17 19:19:40 	加载配置成功

2018-06-17 19:27:48 	
身份验证错误,OK
2018-06-17 21:57:16 	加载配置成功

2018-06-17 22:36:39 	加载配置成功
