
2018-07-02 09:45:05 	加载配置成功

2018-07-02 11:05:41 	加载配置成功

2018-07-02 11:09:08 	QueryData，未将对象引用设置到对象的实例。   在 MVC01.Controllers.DbDataController.GetGeneralUserNameList() 位置 f:\Documents\Visual Studio 2013\Projects\DX_DataInterface\DX_DataInterface\Controllers\DataBase\DbDataController.cs:行号 2434
2018-07-02 11:11:57 	身份验证有误：error connecting: Timeout expired.  The timeout period elapsed prior to obtaining a connection from the pool.  This may have occurred because all pooled connections were in use and max pool size was reached.

2018-07-02 11:12:13 	身份验证有误：error connecting: Timeout expired.  The timeout period elapsed prior to obtaining a connection from the pool.  This may have occurred because all pooled connections were in use and max pool size was reached.

2018-07-02 11:12:29 	身份验证有误：error connecting: Timeout expired.  The timeout period elapsed prior to obtaining a connection from the pool.  This may have occurred because all pooled connections were in use and max pool size was reached.

2018-07-02 11:12:43 	加载配置成功

2018-07-02 11:33:42 	加载配置成功

2018-07-02 13:10:25 	加载配置成功

2018-07-02 13:15:56 	加载配置成功

2018-07-02 13:20:15 	加载配置成功

2018-07-02 13:28:30 	加载配置成功

2018-07-02 17:13:16 	加载配置成功

2018-07-02 17:50:40 	加载配置成功

2018-07-02 18:07:03 	加载配置成功

2018-07-02 18:07:50 	加载配置成功

2018-07-02 19:53:31 	加载配置成功

2018-07-02 19:59:05 	加载配置成功

2018-07-02 20:00:04 	
身份验证错误,OK
2018-07-02 20:18:21 	加载配置成功
