
2019-01-21 08:30:56 	加载配置成功

2019-01-21 08:31:12 	身份验证有误：Unable to connect to any of the specified MySQL hosts.

2019-01-21 08:42:17 	加载配置成功

2019-01-21 08:42:32 	身份验证有误：Unable to connect to any of the specified MySQL hosts.

2019-01-21 08:42:46 	加载配置成功

2019-01-21 08:43:01 	身份验证有误：Unable to connect to any of the specified MySQL hosts.

2019-01-21 08:43:22 	身份验证有误：Unable to connect to any of the specified MySQL hosts.

2019-01-21 08:43:37 	身份验证有误：Unable to connect to any of the specified MySQL hosts.

2019-01-21 08:44:30 	身份验证有误：Unable to connect to any of the specified MySQL hosts.

2019-01-21 08:46:58 	身份验证有误：Unable to connect to any of the specified MySQL hosts.

2019-01-21 08:56:39 	身份验证有误：Unable to connect to any of the specified MySQL hosts.

2019-01-21 08:56:54 	身份验证有误：Unable to connect to any of the specified MySQL hosts.

2019-01-21 09:21:33 	GetUserGroupList，未将对象引用设置到对象的实例。   在 MVC01.Controllers.DbDataController.GetUserGroupList(String UserName) 位置 d:\张艳坤\DX数据查询平台(正式项目)\DX数据查询平台_新(DX_DataInterface)\DX_DataInterface\Controllers\DataBase\DbDataController.cs:行号 278
2019-01-21 09:21:50 	GetUserDeviceList，未将对象引用设置到对象的实例。   在 MVC01.Controllers.DbDataController.GetUserDeviceList(String UserName) 位置 d:\张艳坤\DX数据查询平台(正式项目)\DX数据查询平台_新(DX_DataInterface)\DX_DataInterface\Controllers\DataBase\DbDataController.cs:行号 354
2019-01-21 09:22:05 	GetUserGroupList，未将对象引用设置到对象的实例。   在 MVC01.Controllers.DbDataController.GetUserGroupList(String UserName) 位置 d:\张艳坤\DX数据查询平台(正式项目)\DX数据查询平台_新(DX_DataInterface)\DX_DataInterface\Controllers\DataBase\DbDataController.cs:行号 278
2019-01-21 09:22:23 	GetUserDeviceList，未将对象引用设置到对象的实例。   在 MVC01.Controllers.DbDataController.GetUserDeviceList(String UserName) 位置 d:\张艳坤\DX数据查询平台(正式项目)\DX数据查询平台_新(DX_DataInterface)\DX_DataInterface\Controllers\DataBase\DbDataController.cs:行号 354
2019-01-21 09:22:38 	GetUserGroupList，未将对象引用设置到对象的实例。   在 MVC01.Controllers.DbDataController.GetUserGroupList(String UserName) 位置 d:\张艳坤\DX数据查询平台(正式项目)\DX数据查询平台_新(DX_DataInterface)\DX_DataInterface\Controllers\DataBase\DbDataController.cs:行号 278
2019-01-21 09:22:53 	GetUserVideoList，未将对象引用设置到对象的实例。   在 MVC01.Controllers.DbDataController.GetUserVideoList(String UserName) 位置 d:\张艳坤\DX数据查询平台(正式项目)\DX数据查询平台_新(DX_DataInterface)\DX_DataInterface\Controllers\DataBase\DbDataController.cs:行号 5302
2019-01-21 09:23:09 	GetUserDeviceList，未将对象引用设置到对象的实例。   在 MVC01.Controllers.DbDataController.GetUserDeviceList(String UserName) 位置 d:\张艳坤\DX数据查询平台(正式项目)\DX数据查询平台_新(DX_DataInterface)\DX_DataInterface\Controllers\DataBase\DbDataController.cs:行号 354
2019-01-21 09:23:24 	GetUserGroupList，未将对象引用设置到对象的实例。   在 MVC01.Controllers.DbDataController.GetUserGroupList(String UserName) 位置 d:\张艳坤\DX数据查询平台(正式项目)\DX数据查询平台_新(DX_DataInterface)\DX_DataInterface\Controllers\DataBase\DbDataController.cs:行号 278
2019-01-21 09:23:40 	GetUserDeviceList，未将对象引用设置到对象的实例。   在 MVC01.Controllers.DbDataController.GetUserDeviceList(String UserName) 位置 d:\张艳坤\DX数据查询平台(正式项目)\DX数据查询平台_新(DX_DataInterface)\DX_DataInterface\Controllers\DataBase\DbDataController.cs:行号 354
2019-01-21 09:24:00 	加载配置成功

2019-01-21 09:24:16 	身份验证有误：Unable to connect to any of the specified MySQL hosts.

2019-01-21 09:24:39 	身份验证有误：Unable to connect to any of the specified MySQL hosts.

2019-01-21 09:24:54 	身份验证有误：Unable to connect to any of the specified MySQL hosts.

2019-01-21 09:32:16 	加载配置成功

2019-01-21 09:54:37 	加载配置成功

2019-01-21 10:53:16 	加载配置成功

2019-01-21 11:30:55 	
身份验证错误
2019-01-21 11:33:57 	GetDeviceUserList，未将对象引用设置到对象的实例。   在 MVC01.Controllers.DbDataController.GetVideoUserList(UInt32 SERIAL) 位置 d:\张艳坤\DX数据查询平台(正式项目)\DX数据查询平台_新(DX_DataInterface)\DX_DataInterface\Controllers\DataBase\DbDataController.cs:行号 6360
2019-01-21 11:34:17 	加载配置成功

2019-01-21 11:34:33 	身份验证有误：Unable to connect to any of the specified MySQL hosts.

2019-01-21 11:34:48 	身份验证有误：Unable to connect to any of the specified MySQL hosts.

2019-01-21 11:35:03 	身份验证有误：Unable to connect to any of the specified MySQL hosts.

2019-01-21 11:35:18 	身份验证有误：Unable to connect to any of the specified MySQL hosts.

2019-01-21 11:35:32 	加载配置成功

2019-01-21 11:35:48 	身份验证有误：Unable to connect to any of the specified MySQL hosts.

2019-01-21 11:36:03 	身份验证有误：Unable to connect to any of the specified MySQL hosts.

2019-01-21 11:36:18 	身份验证有误：Unable to connect to any of the specified MySQL hosts.

2019-01-21 11:37:15 	身份验证有误：Unable to connect to any of the specified MySQL hosts.

2019-01-21 11:37:19 	身份验证有误：Unable to connect to any of the specified MySQL hosts.

2019-01-21 11:37:21 	身份验证有误：Unable to connect to any of the specified MySQL hosts.

2019-01-21 12:46:15 	GetUserDeviceList，未将对象引用设置到对象的实例。   在 MVC01.Controllers.DbDataController.GetUserDeviceList(String UserName) 位置 d:\张艳坤\DX数据查询平台(正式项目)\DX数据查询平台_新(DX_DataInterface)\DX_DataInterface\Controllers\DataBase\DbDataController.cs:行号 354
2019-01-21 12:46:30 	GetUserGroupList，未将对象引用设置到对象的实例。   在 MVC01.Controllers.DbDataController.GetUserGroupList(String UserName) 位置 d:\张艳坤\DX数据查询平台(正式项目)\DX数据查询平台_新(DX_DataInterface)\DX_DataInterface\Controllers\DataBase\DbDataController.cs:行号 278
2019-01-21 12:46:51 	加载配置成功

2019-01-21 12:47:07 	身份验证有误：Unable to connect to any of the specified MySQL hosts.

2019-01-21 12:47:22 	身份验证有误：Unable to connect to any of the specified MySQL hosts.

2019-01-21 12:47:37 	身份验证有误：Unable to connect to any of the specified MySQL hosts.

2019-01-21 12:47:52 	身份验证有误：Unable to connect to any of the specified MySQL hosts.

2019-01-21 12:48:07 	身份验证有误：Unable to connect to any of the specified MySQL hosts.

2019-01-21 12:48:22 	身份验证有误：Unable to connect to any of the specified MySQL hosts.

2019-01-21 12:53:46 	身份验证有误：Unable to connect to any of the specified MySQL hosts.

2019-01-21 12:54:01 	身份验证有误：Unable to connect to any of the specified MySQL hosts.

2019-01-21 12:57:57 	身份验证有误：Unable to connect to any of the specified MySQL hosts.

2019-01-21 13:00:00 	身份验证有误：Unable to connect to any of the specified MySQL hosts.

2019-01-21 13:28:59 	GetUserDeviceList，未将对象引用设置到对象的实例。   在 MVC01.Controllers.DbDataController.GetUserDeviceList(String UserName) 位置 d:\张艳坤\DX数据查询平台(正式项目)\DX数据查询平台_新(DX_DataInterface)\DX_DataInterface\Controllers\DataBase\DbDataController.cs:行号 354
2019-01-21 13:29:14 	身份验证有误：Unable to connect to any of the specified MySQL hosts.

2019-01-21 13:29:30 	GetUserGroupList，未将对象引用设置到对象的实例。   在 MVC01.Controllers.DbDataController.GetUserGroupList(String UserName) 位置 d:\张艳坤\DX数据查询平台(正式项目)\DX数据查询平台_新(DX_DataInterface)\DX_DataInterface\Controllers\DataBase\DbDataController.cs:行号 278
2019-01-21 13:29:45 	GetUserDeviceList，未将对象引用设置到对象的实例。   在 MVC01.Controllers.DbDataController.GetAllDeviceList() 位置 d:\张艳坤\DX数据查询平台(正式项目)\DX数据查询平台_新(DX_DataInterface)\DX_DataInterface\Controllers\DataBase\DbDataController.cs:行号 4306
2019-01-21 13:30:00 	GetUserVideoList，未将对象引用设置到对象的实例。   在 MVC01.Controllers.DbDataController.GetUserVideoList(String UserName) 位置 d:\张艳坤\DX数据查询平台(正式项目)\DX数据查询平台_新(DX_DataInterface)\DX_DataInterface\Controllers\DataBase\DbDataController.cs:行号 5302
2019-01-21 13:30:22 	GetUserDeviceList，未将对象引用设置到对象的实例。   在 MVC01.Controllers.DbDataController.GetAllDeviceList() 位置 d:\张艳坤\DX数据查询平台(正式项目)\DX数据查询平台_新(DX_DataInterface)\DX_DataInterface\Controllers\DataBase\DbDataController.cs:行号 4306
2019-01-21 13:30:37 	身份验证有误：Unable to connect to any of the specified MySQL hosts.

2019-01-21 13:30:52 	身份验证有误：Unable to connect to any of the specified MySQL hosts.

2019-01-21 13:31:07 	身份验证有误：Unable to connect to any of the specified MySQL hosts.

2019-01-21 13:31:22 	身份验证有误：Unable to connect to any of the specified MySQL hosts.

2019-01-21 14:23:48 	加载配置成功

2019-01-21 15:02:33 	加载配置成功

2019-01-21 16:01:16 	加载配置成功

2019-01-21 16:01:32 	身份验证有误：Unable to connect to any of the specified MySQL hosts.

2019-01-21 16:01:47 	身份验证有误：Unable to connect to any of the specified MySQL hosts.

2019-01-21 16:29:04 	GetUserDeviceList，未将对象引用设置到对象的实例。   在 MVC01.Controllers.DbDataController.GetUserDeviceList(String UserName) 位置 d:\张艳坤\DX数据查询平台(正式项目)\DX数据查询平台_新(DX_DataInterface)\DX_DataInterface\Controllers\DataBase\DbDataController.cs:行号 354
2019-01-21 16:29:13 	加载配置成功

2019-01-21 16:29:29 	身份验证有误：Unable to connect to any of the specified MySQL hosts.

2019-01-21 16:29:45 	身份验证有误：Unable to connect to any of the specified MySQL hosts.

2019-01-21 16:30:00 	身份验证有误：Unable to connect to any of the specified MySQL hosts.

2019-01-21 17:07:49 	GetUserDeviceList，未将对象引用设置到对象的实例。   在 MVC01.Controllers.DbDataController.GetUserDeviceList(String UserName) 位置 d:\张艳坤\DX数据查询平台(正式项目)\DX数据查询平台_新(DX_DataInterface)\DX_DataInterface\Controllers\DataBase\DbDataController.cs:行号 354
2019-01-21 17:08:04 	GetUserGroupList，未将对象引用设置到对象的实例。   在 MVC01.Controllers.DbDataController.GetUserGroupList(String UserName) 位置 d:\张艳坤\DX数据查询平台(正式项目)\DX数据查询平台_新(DX_DataInterface)\DX_DataInterface\Controllers\DataBase\DbDataController.cs:行号 278
2019-01-21 17:08:45 	GetUserDeviceList，未将对象引用设置到对象的实例。   在 MVC01.Controllers.DbDataController.GetUserDeviceList(String UserName) 位置 d:\张艳坤\DX数据查询平台(正式项目)\DX数据查询平台_新(DX_DataInterface)\DX_DataInterface\Controllers\DataBase\DbDataController.cs:行号 354
2019-01-21 17:11:57 	GetUserDeviceList，未将对象引用设置到对象的实例。   在 MVC01.Controllers.DbDataController.GetUserDeviceList(String UserName) 位置 d:\张艳坤\DX数据查询平台(正式项目)\DX数据查询平台_新(DX_DataInterface)\DX_DataInterface\Controllers\DataBase\DbDataController.cs:行号 354
2019-01-21 17:12:00 	GetUserGroupList，未将对象引用设置到对象的实例。   在 MVC01.Controllers.DbDataController.GetUserGroupList(String UserName) 位置 d:\张艳坤\DX数据查询平台(正式项目)\DX数据查询平台_新(DX_DataInterface)\DX_DataInterface\Controllers\DataBase\DbDataController.cs:行号 278
2019-01-21 17:12:00 	GetUserVideoList，未将对象引用设置到对象的实例。   在 MVC01.Controllers.DbDataController.GetUserVideoList(String UserName) 位置 d:\张艳坤\DX数据查询平台(正式项目)\DX数据查询平台_新(DX_DataInterface)\DX_DataInterface\Controllers\DataBase\DbDataController.cs:行号 5302
2019-01-21 17:12:06 	GetUserDeviceList，未将对象引用设置到对象的实例。   在 MVC01.Controllers.DbDataController.GetUserDeviceList(String UserName) 位置 d:\张艳坤\DX数据查询平台(正式项目)\DX数据查询平台_新(DX_DataInterface)\DX_DataInterface\Controllers\DataBase\DbDataController.cs:行号 354
2019-01-21 17:12:07 	GetUserGroupList，未将对象引用设置到对象的实例。   在 MVC01.Controllers.DbDataController.GetUserGroupList(String UserName) 位置 d:\张艳坤\DX数据查询平台(正式项目)\DX数据查询平台_新(DX_DataInterface)\DX_DataInterface\Controllers\DataBase\DbDataController.cs:行号 278
2019-01-21 17:12:14 	GetUserDeviceList，未将对象引用设置到对象的实例。   在 MVC01.Controllers.DbDataController.GetUserDeviceList(String UserName) 位置 d:\张艳坤\DX数据查询平台(正式项目)\DX数据查询平台_新(DX_DataInterface)\DX_DataInterface\Controllers\DataBase\DbDataController.cs:行号 354
2019-01-21 17:12:14 	GetUserGroupList，未将对象引用设置到对象的实例。   在 MVC01.Controllers.DbDataController.GetUserGroupList(String UserName) 位置 d:\张艳坤\DX数据查询平台(正式项目)\DX数据查询平台_新(DX_DataInterface)\DX_DataInterface\Controllers\DataBase\DbDataController.cs:行号 278
2019-01-21 17:12:15 	身份验证有误：Unable to connect to any of the specified MySQL hosts.

2019-01-21 17:12:25 	GetUserDeviceList，未将对象引用设置到对象的实例。   在 MVC01.Controllers.DbDataController.GetUserDeviceList(String UserName) 位置 d:\张艳坤\DX数据查询平台(正式项目)\DX数据查询平台_新(DX_DataInterface)\DX_DataInterface\Controllers\DataBase\DbDataController.cs:行号 354
2019-01-21 17:12:26 	GetUserGroupList，未将对象引用设置到对象的实例。   在 MVC01.Controllers.DbDataController.GetUserGroupList(String UserName) 位置 d:\张艳坤\DX数据查询平台(正式项目)\DX数据查询平台_新(DX_DataInterface)\DX_DataInterface\Controllers\DataBase\DbDataController.cs:行号 278
2019-01-21 17:12:26 	身份验证有误：Unable to connect to any of the specified MySQL hosts.

2019-01-21 17:12:55 	GetUserDeviceList，未将对象引用设置到对象的实例。   在 MVC01.Controllers.DbDataController.GetUserDeviceList(String UserName) 位置 d:\张艳坤\DX数据查询平台(正式项目)\DX数据查询平台_新(DX_DataInterface)\DX_DataInterface\Controllers\DataBase\DbDataController.cs:行号 354
2019-01-21 17:12:55 	GetUserGroupList，未将对象引用设置到对象的实例。   在 MVC01.Controllers.DbDataController.GetUserGroupList(String UserName) 位置 d:\张艳坤\DX数据查询平台(正式项目)\DX数据查询平台_新(DX_DataInterface)\DX_DataInterface\Controllers\DataBase\DbDataController.cs:行号 278
2019-01-21 17:12:55 	GetUserVideoList，未将对象引用设置到对象的实例。   在 MVC01.Controllers.DbDataController.GetUserVideoList(String UserName) 位置 d:\张艳坤\DX数据查询平台(正式项目)\DX数据查询平台_新(DX_DataInterface)\DX_DataInterface\Controllers\DataBase\DbDataController.cs:行号 5302
2019-01-21 17:48:25 	加载配置成功

2019-01-21 17:50:47 	加载配置成功

2019-01-21 17:58:11 	加载配置成功

2019-01-21 18:04:00 	加载配置成功

2019-01-21 18:13:23 	加载配置成功

2019-01-21 18:31:36 	GetOneTelField未将对象引用设置到对象的实例。   在 MVC01.Controllers.DbDataController.GetTelField(String[] ST_List) 位置 d:\张艳坤\DX数据查询平台(正式项目)\DX数据查询平台_新(DX_DataInterface)\DX_DataInterface\Controllers\DataBase\DbDataController.cs:行号 758
2019-01-21 18:32:05 	加载配置成功

2019-01-21 18:32:20 	身份验证有误：Unable to connect to any of the specified MySQL hosts.

2019-01-21 18:32:40 	身份验证有误：Unable to connect to any of the specified MySQL hosts.

2019-01-21 19:05:33 	GetOneTelField未将对象引用设置到对象的实例。   在 MVC01.Controllers.DbDataController.GetTelField(String[] ST_List) 位置 d:\张艳坤\DX数据查询平台(正式项目)\DX数据查询平台_新(DX_DataInterface)\DX_DataInterface\Controllers\DataBase\DbDataController.cs:行号 758
2019-01-21 19:06:07 	GetRealData->QueryAndRreturnAdapter Error:Unable to connect to any of the specified MySQL hosts.
2019-01-21 19:06:07 	GetRealData->QueryAndRreturnAdapter:SELECT ST,TT,VT, UT FROM `tempdata` where  ST="2018030301" ;
2019-01-21 19:06:07 	192.168.1.138;;Port=3306
2019-01-21 19:06:07 	water
2019-01-21 19:06:07 	water
2019-01-21 19:06:07 	123456
2019-01-21 19:06:24 	身份验证有误：Unable to connect to any of the specified MySQL hosts.

2019-01-21 19:06:40 	GetUserDeviceList，未将对象引用设置到对象的实例。   在 MVC01.Controllers.DbDataController.GetUserDeviceList(String UserName) 位置 d:\张艳坤\DX数据查询平台(正式项目)\DX数据查询平台_新(DX_DataInterface)\DX_DataInterface\Controllers\DataBase\DbDataController.cs:行号 354
2019-01-21 19:06:55 	GetUserGroupList，未将对象引用设置到对象的实例。   在 MVC01.Controllers.DbDataController.GetUserGroupList(String UserName) 位置 d:\张艳坤\DX数据查询平台(正式项目)\DX数据查询平台_新(DX_DataInterface)\DX_DataInterface\Controllers\DataBase\DbDataController.cs:行号 278
2019-01-21 19:11:42 	GetUserDeviceList，未将对象引用设置到对象的实例。   在 MVC01.Controllers.DbDataController.GetUserDeviceList(String UserName) 位置 d:\张艳坤\DX数据查询平台(正式项目)\DX数据查询平台_新(DX_DataInterface)\DX_DataInterface\Controllers\DataBase\DbDataController.cs:行号 354
2019-01-21 19:11:57 	GetUserGroupList，未将对象引用设置到对象的实例。   在 MVC01.Controllers.DbDataController.GetUserGroupList(String UserName) 位置 d:\张艳坤\DX数据查询平台(正式项目)\DX数据查询平台_新(DX_DataInterface)\DX_DataInterface\Controllers\DataBase\DbDataController.cs:行号 278
2019-01-21 19:12:12 	GetUserVideoList，未将对象引用设置到对象的实例。   在 MVC01.Controllers.DbDataController.GetUserVideoList(String UserName) 位置 d:\张艳坤\DX数据查询平台(正式项目)\DX数据查询平台_新(DX_DataInterface)\DX_DataInterface\Controllers\DataBase\DbDataController.cs:行号 5302
2019-01-21 19:12:32 	身份验证有误：Unable to connect to any of the specified MySQL hosts.

2019-01-21 19:13:35 	身份验证有误：Unable to connect to any of the specified MySQL hosts.

2019-01-21 19:25:04 	加载配置成功
