
2019-01-17 10:40:05 	加载配置成功

2019-01-17 11:06:19 	加载配置成功

2019-01-17 11:12:22 	加载配置成功

2019-01-17 14:32:03 	
身份验证错误
2019-01-17 14:33:59 	
身份验证错误
2019-01-17 14:37:04 	
身份验证错误
2019-01-17 15:03:15 	加载配置成功

2019-01-17 15:06:19 	
身份验证错误
2019-01-17 15:12:23 	
身份验证错误
2019-01-17 15:41:55 	加载配置成功

2019-01-17 15:47:42 	
身份验证错误
2019-01-17 16:29:33 	加载配置成功

2019-01-17 16:29:33 	身份验证有误：未能加载文件或程序集“Oracle.ManagedDataAccess, Version=4.121.1.0, Culture=neutral, PublicKeyToken=89b483f429c47342”或它的某一个依赖项。系统找不到指定的文件。

2019-01-17 16:29:33 	身份验证有误：未能加载文件或程序集“Oracle.ManagedDataAccess, Version=4.121.1.0, Culture=neutral, PublicKeyToken=89b483f429c47342”或它的某一个依赖项。系统找不到指定的文件。

2019-01-17 16:29:42 	身份验证有误：未能加载文件或程序集“Oracle.ManagedDataAccess, Version=4.121.1.0, Culture=neutral, PublicKeyToken=89b483f429c47342”或它的某一个依赖项。系统找不到指定的文件。

2019-01-17 16:29:45 	身份验证有误：未能加载文件或程序集“Oracle.ManagedDataAccess, Version=4.121.1.0, Culture=neutral, PublicKeyToken=89b483f429c47342”或它的某一个依赖项。系统找不到指定的文件。

2019-01-17 16:29:47 	身份验证有误：未能加载文件或程序集“Oracle.ManagedDataAccess, Version=4.121.1.0, Culture=neutral, PublicKeyToken=89b483f429c47342”或它的某一个依赖项。系统找不到指定的文件。

2019-01-17 16:30:02 	加载配置成功

2019-01-17 16:30:02 	身份验证有误：未能加载文件或程序集“Oracle.ManagedDataAccess, Version=4.121.1.0, Culture=neutral, PublicKeyToken=89b483f429c47342”或它的某一个依赖项。系统找不到指定的文件。

2019-01-17 16:30:04 	身份验证有误：未能加载文件或程序集“Oracle.ManagedDataAccess, Version=4.121.1.0, Culture=neutral, PublicKeyToken=89b483f429c47342”或它的某一个依赖项。系统找不到指定的文件。

2019-01-17 16:30:08 	身份验证有误：未能加载文件或程序集“Oracle.ManagedDataAccess, Version=4.121.1.0, Culture=neutral, PublicKeyToken=89b483f429c47342”或它的某一个依赖项。系统找不到指定的文件。

2019-01-17 16:30:37 	身份验证有误：未能加载文件或程序集“Oracle.ManagedDataAccess, Version=4.121.1.0, Culture=neutral, PublicKeyToken=89b483f429c47342”或它的某一个依赖项。系统找不到指定的文件。

2019-01-17 16:31:06 	身份验证有误：未能加载文件或程序集“Oracle.ManagedDataAccess, Version=4.121.1.0, Culture=neutral, PublicKeyToken=89b483f429c47342”或它的某一个依赖项。系统找不到指定的文件。

2019-01-17 16:31:48 	身份验证有误：未能加载文件或程序集“Oracle.ManagedDataAccess, Version=4.121.1.0, Culture=neutral, PublicKeyToken=89b483f429c47342”或它的某一个依赖项。系统找不到指定的文件。

2019-01-17 16:31:52 	身份验证有误：未能加载文件或程序集“Oracle.ManagedDataAccess, Version=4.121.1.0, Culture=neutral, PublicKeyToken=89b483f429c47342”或它的某一个依赖项。系统找不到指定的文件。

2019-01-17 16:31:57 	身份验证有误：未能加载文件或程序集“Oracle.ManagedDataAccess, Version=4.121.1.0, Culture=neutral, PublicKeyToken=89b483f429c47342”或它的某一个依赖项。系统找不到指定的文件。

2019-01-17 16:32:03 	身份验证有误：未能加载文件或程序集“Oracle.ManagedDataAccess, Version=4.121.1.0, Culture=neutral, PublicKeyToken=89b483f429c47342”或它的某一个依赖项。系统找不到指定的文件。

2019-01-17 16:32:10 	身份验证有误：未能加载文件或程序集“Oracle.ManagedDataAccess, Version=4.121.1.0, Culture=neutral, PublicKeyToken=89b483f429c47342”或它的某一个依赖项。系统找不到指定的文件。

2019-01-17 16:32:27 	加载配置成功

2019-01-17 16:32:27 	身份验证有误：未能加载文件或程序集“Oracle.ManagedDataAccess, Version=4.121.1.0, Culture=neutral, PublicKeyToken=89b483f429c47342”或它的某一个依赖项。系统找不到指定的文件。

2019-01-17 16:32:33 	身份验证有误：未能加载文件或程序集“Oracle.ManagedDataAccess, Version=4.121.1.0, Culture=neutral, PublicKeyToken=89b483f429c47342”或它的某一个依赖项。系统找不到指定的文件。

2019-01-17 16:32:40 	身份验证有误：未能加载文件或程序集“Oracle.ManagedDataAccess, Version=4.121.1.0, Culture=neutral, PublicKeyToken=89b483f429c47342”或它的某一个依赖项。系统找不到指定的文件。

2019-01-17 16:32:42 	身份验证有误：未能加载文件或程序集“Oracle.ManagedDataAccess, Version=4.121.1.0, Culture=neutral, PublicKeyToken=89b483f429c47342”或它的某一个依赖项。系统找不到指定的文件。

2019-01-17 16:34:58 	加载配置成功

2019-01-17 16:54:09 	GetOneTelField未将对象引用设置到对象的实例。   在 MVC01.Controllers.DbDataController.GetTelField(String[] ST_List) 位置 d:\张艳坤\DX数据查询平台(正式项目)\DX数据查询平台_新(DX_DataInterface)\DX_DataInterface\Controllers\DataBase\DbDataController.cs:行号 758
2019-01-17 17:18:40 	GetOneTelField未将对象引用设置到对象的实例。   在 MVC01.Controllers.DbDataController.GetTelField(String[] ST_List) 位置 d:\张艳坤\DX数据查询平台(正式项目)\DX数据查询平台_新(DX_DataInterface)\DX_DataInterface\Controllers\DataBase\DbDataController.cs:行号 758
2019-01-17 17:19:14 	GetRealData->QueryAndRreturnAdapter Error:Unable to connect to any of the specified MySQL hosts.
2019-01-17 17:19:14 	GetRealData->QueryAndRreturnAdapter:SELECT ST,TT,VT, UT FROM `tempdata` where  ST="1705130004" ;
2019-01-17 17:19:14 	192.168.1.138;;Port=3306
2019-01-17 17:19:14 	water
2019-01-17 17:19:14 	water
2019-01-17 17:19:14 	123456
2019-01-17 17:19:36 	GetOneTelField未将对象引用设置到对象的实例。   在 MVC01.Controllers.DbDataController.GetTelField(String[] ST_List) 位置 d:\张艳坤\DX数据查询平台(正式项目)\DX数据查询平台_新(DX_DataInterface)\DX_DataInterface\Controllers\DataBase\DbDataController.cs:行号 758
2019-01-17 17:19:51 	GetRealData->QueryAndRreturnAdapter Error:Unable to connect to any of the specified MySQL hosts.
2019-01-17 17:19:51 	GetRealData->QueryAndRreturnAdapter:SELECT ST,TT,VT, UT FROM `tempdata` where  ST="1705130004" ;
2019-01-17 17:19:51 	192.168.1.138;;Port=3306
2019-01-17 17:19:51 	water
2019-01-17 17:19:51 	water
2019-01-17 17:19:51 	123456
2019-01-17 17:20:06 	身份验证有误：Unable to connect to any of the specified MySQL hosts.

2019-01-17 17:20:22 	加载配置成功

2019-01-17 17:20:38 	身份验证有误：Unable to connect to any of the specified MySQL hosts.

2019-01-17 17:20:58 	身份验证有误：Unable to connect to any of the specified MySQL hosts.

2019-01-17 17:21:19 	身份验证有误：Unable to connect to any of the specified MySQL hosts.

2019-01-17 17:22:24 	加载配置成功

2019-01-17 17:22:40 	身份验证有误：Unable to connect to any of the specified MySQL hosts.

2019-01-17 17:23:08 	身份验证有误：Unable to connect to any of the specified MySQL hosts.

2019-01-17 18:05:48 	
身份验证错误
2019-01-17 18:06:39 	
身份验证错误
2019-01-17 18:06:54 	GetHistData未将对象引用设置到对象的实例。   在 MVC01.Controllers.DbDataController.GetHistData(String ST, String StartTime, String EndTime, UInt32 StartIndex, UInt32 ReadCnt, Boolean isASC) 位置 d:\张艳坤\DX数据查询平台(正式项目)\DX数据查询平台_新(DX_DataInterface)\DX_DataInterface\Controllers\DataBase\DbDataController.cs:行号 1007
2019-01-17 18:08:12 	GetHistData未将对象引用设置到对象的实例。   在 MVC01.Controllers.DbDataController.GetHistData(String ST, String StartTime, String EndTime, UInt32 StartIndex, UInt32 ReadCnt, Boolean isASC) 位置 d:\张艳坤\DX数据查询平台(正式项目)\DX数据查询平台_新(DX_DataInterface)\DX_DataInterface\Controllers\DataBase\DbDataController.cs:行号 1007
2019-01-17 18:08:17 	GetRealData->QueryAndRreturnAdapter Error:Unknown column 'DTEMP' in 'field list'
2019-01-17 18:08:17 	GetRealData->QueryAndRreturnAdapter:SELECT ST,TT,Z,ZB,VA,VJ,Q1,Q2,VT,CQ1,CQ2,DTEMP,CSIGNAL, UT FROM `tempdata` where  ST="8888888888" ;
2019-01-17 18:08:17 	192.168.1.138;;Port=3306
2019-01-17 18:08:17 	water
2019-01-17 18:08:17 	water
2019-01-17 18:08:17 	123456
2019-01-17 18:08:24 	
身份验证错误
2019-01-17 18:09:17 	
身份验证错误
2019-01-17 19:51:19 	GetOneTelField未将对象引用设置到对象的实例。   在 MVC01.Controllers.DbDataController.GetTelField(String[] ST_List) 位置 d:\张艳坤\DX数据查询平台(正式项目)\DX数据查询平台_新(DX_DataInterface)\DX_DataInterface\Controllers\DataBase\DbDataController.cs:行号 758
2019-01-17 19:51:40 	加载配置成功

2019-01-17 19:51:55 	身份验证有误：Unable to connect to any of the specified MySQL hosts.

2019-01-17 19:52:10 	身份验证有误：Unable to connect to any of the specified MySQL hosts.

2019-01-17 19:52:28 	身份验证有误：Unable to connect to any of the specified MySQL hosts.

2019-01-17 19:52:43 	身份验证有误：Unable to connect to any of the specified MySQL hosts.

2019-01-17 19:52:58 	身份验证有误：Unable to connect to any of the specified MySQL hosts.
