
2019-03-25 00:28:16 	加载配置成功

2019-03-25 01:14:50 	加载配置成功

2019-03-25 01:24:20 	
身份验证错误
2019-03-25 01:53:34 	加载配置成功

2019-03-25 02:48:58 	加载配置成功

2019-03-25 03:51:13 	加载配置成功

2019-03-25 03:51:13 	
身份验证错误
2019-03-25 04:09:27 	
身份验证错误
2019-03-25 04:23:59 	
身份验证错误
2019-03-25 04:49:51 	加载配置成功

2019-03-25 04:49:51 	
身份验证错误
2019-03-25 05:20:04 	加载配置成功

2019-03-25 05:20:05 	
身份验证错误
2019-03-25 05:54:42 	加载配置成功

2019-03-25 05:54:42 	
身份验证错误
2019-03-25 06:28:55 	加载配置成功

2019-03-25 07:44:03 	加载配置成功

2019-03-25 08:07:19 	加载配置成功

2019-03-25 08:14:48 	
身份验证错误
2019-03-25 08:25:22 	
身份验证错误
2019-03-25 09:02:27 	
身份验证错误
2019-03-25 09:07:03 	
身份验证错误
2019-03-25 09:20:57 	
身份验证错误
2019-03-25 09:32:02 	
身份验证错误
2019-03-25 09:56:18 	加载配置成功

2019-03-25 09:56:25 	
身份验证错误
2019-03-25 09:57:52 	
身份验证错误
2019-03-25 09:58:55 	加载配置成功

2019-03-25 09:58:56 	
身份验证错误
2019-03-25 09:59:15 	
身份验证错误
2019-03-25 09:59:28 	
身份验证错误
2019-03-25 09:59:32 	
身份验证错误
2019-03-25 09:59:49 	
身份验证错误
2019-03-25 09:59:53 	
身份验证错误
2019-03-25 10:35:38 	
身份验证错误
2019-03-25 10:36:38 	
身份验证错误
2019-03-25 10:39:35 	
身份验证错误
2019-03-25 10:42:47 	
身份验证错误
2019-03-25 10:55:14 	
身份验证错误
2019-03-25 10:55:56 	
身份验证错误
2019-03-25 11:20:52 	
身份验证错误
2019-03-25 11:40:20 	
身份验证错误
2019-03-25 12:26:46 	
身份验证错误
2019-03-25 13:16:02 	
身份验证错误
2019-03-25 13:40:14 	GetRealData->QueryAndRreturnAdapter Error:Unknown column 'DO' in 'field list'
2019-03-25 13:40:14 	GetRealData->QueryAndRreturnAdapter:SELECT ST,TT,Z,ZB,PJ,PD,PT,AI,MST,VA,VJ,Q1,Q2,SBL1,SBL2,VT,pH,DO,COND,TURB,PN01,PN05,PN10,PN30,CQ1,CQ2,C,DTEMP,CSIGNAL,PM25,PM10,TP,TN,CODMN,T10,T20,T30,T40,T50,T60,T80,T100,GH1,GH2,GH3,GH4, UT FROM `tempdata` where  ST='0730000005' ;
2019-03-25 13:40:14 	localhost
2019-03-25 13:40:14 	water
2019-03-25 13:40:14 	root
2019-03-25 13:40:14 	123456
2019-03-25 13:40:19 	GetRealData->QueryAndRreturnAdapter Error:Unknown column 'DO' in 'field list'
2019-03-25 13:40:19 	GetRealData->QueryAndRreturnAdapter:SELECT ST,TT,Z,ZB,PJ,PD,PT,AI,MST,VA,VJ,Q1,Q2,SBL1,SBL2,VT,pH,DO,COND,TURB,PN01,PN05,PN10,PN30,CQ1,CQ2,C,DTEMP,CSIGNAL,PM25,PM10,TP,TN,CODMN,T10,T20,T30,T40,T50,T60,T80,T100,GH1,GH2,GH3,GH4, UT FROM `tempdata` where  ST='0730000005' ;
2019-03-25 13:40:19 	localhost
2019-03-25 13:40:19 	water
2019-03-25 13:40:19 	root
2019-03-25 13:40:19 	123456
2019-03-25 13:40:24 	GetRealData->QueryAndRreturnAdapter Error:Unknown column 'DO' in 'field list'
2019-03-25 13:40:24 	GetRealData->QueryAndRreturnAdapter:SELECT ST,TT,Z,ZB,PJ,PD,PT,AI,MST,VA,VJ,Q1,Q2,SBL1,SBL2,VT,pH,DO,COND,TURB,PN01,PN05,PN10,PN30,CQ1,CQ2,C,DTEMP,CSIGNAL,PM25,PM10,TP,TN,CODMN,T10,T20,T30,T40,T50,T60,T80,T100,GH1,GH2,GH3,GH4, UT FROM `tempdata` where  ST='0730000005' ;
2019-03-25 13:40:24 	localhost
2019-03-25 13:40:24 	water
2019-03-25 13:40:24 	root
2019-03-25 13:40:24 	123456
2019-03-25 14:26:37 	
身份验证错误
2019-03-25 15:22:50 	
身份验证错误
2019-03-25 15:24:50 	
身份验证错误
2019-03-25 15:28:03 	
身份验证错误
2019-03-25 15:35:34 	
身份验证错误
2019-03-25 15:51:12 	加载配置成功

2019-03-25 15:51:40 	
身份验证错误
2019-03-25 15:52:41 	加载配置成功

2019-03-25 15:52:41 	
身份验证错误
2019-03-25 15:52:45 	
身份验证错误
2019-03-25 16:19:49 	加载配置成功

2019-03-25 16:40:55 	加载配置成功

2019-03-25 16:40:55 	
身份验证错误
2019-03-25 17:15:35 	加载配置成功

2019-03-25 17:15:35 	
身份验证错误
2019-03-25 17:39:45 	
身份验证错误
2019-03-25 18:33:27 	加载配置成功

2019-03-25 18:51:49 	
身份验证错误
2019-03-25 19:47:32 	加载配置成功

2019-03-25 22:03:22 	加载配置成功

2019-03-25 22:06:37 	
身份验证错误
2019-03-25 22:06:52 	
身份验证错误
2019-03-25 22:07:04 	
身份验证错误