
2019-03-02 08:47:28 	加载配置成功

2019-03-02 10:13:49 	加载配置成功

2019-03-02 10:51:28 	加载配置成功

2019-03-02 11:21:06 	加载配置成功

2019-03-02 12:17:34 	加载配置成功

2019-03-02 12:17:40 	GetRealData->QueryAndRreturnAdapter Error:Unable to connect to any of the specified MySQL hosts.
2019-03-02 12:17:40 	GetRealData->QueryAndRreturnAdapter:SELECT ST,TT,Z,VT, UT FROM `tempdata` where  ST='1705130004' ;
2019-03-02 12:17:40 	192.168.1.138,1433
2019-03-02 12:17:40 	water
2019-03-02 12:17:40 	sa
2019-03-02 12:17:40 	123456
2019-03-02 12:17:50 	GetRealData->QueryAndRreturnAdapter Error:Unable to connect to any of the specified MySQL hosts.
2019-03-02 12:17:50 	GetRealData->QueryAndRreturnAdapter:SELECT ST,TT,Z,VT, UT FROM `tempdata` where  ST='1705130004' ;
2019-03-02 12:17:50 	192.168.1.138,1433
2019-03-02 12:17:50 	water
2019-03-02 12:17:50 	sa
2019-03-02 12:17:50 	123456
2019-03-02 12:19:18 	加载配置成功

2019-03-02 12:31:33 	加载配置成功

2019-03-02 12:41:01 	加载配置成功

2019-03-02 12:49:31 	
身份验证错误
2019-03-02 13:47:48 	加载配置成功

2019-03-02 13:54:39 	
身份验证错误
2019-03-02 16:39:33 	
身份验证错误