
2019-01-02 08:35:23 	加载配置成功

2019-01-02 08:36:29 	加载配置成功

2019-01-02 08:38:07 	加载配置成功

2019-01-02 08:38:47 	加载配置成功

2019-01-02 08:39:36 	
身份验证错误
2019-01-02 14:44:11 	加载配置成功

2019-01-02 14:44:12 	身份验证有误：未能加载文件或程序集“Oracle.ManagedDataAccess, Version=4.121.1.0, Culture=neutral, PublicKeyToken=89b483f429c47342”或它的某一个依赖项。系统找不到指定的文件。

2019-01-02 14:44:28 	身份验证有误：未能加载文件或程序集“Oracle.ManagedDataAccess, Version=4.121.1.0, Culture=neutral, PublicKeyToken=89b483f429c47342”或它的某一个依赖项。系统找不到指定的文件。

2019-01-02 14:44:31 	身份验证有误：未能加载文件或程序集“Oracle.ManagedDataAccess, Version=4.121.1.0, Culture=neutral, PublicKeyToken=89b483f429c47342”或它的某一个依赖项。系统找不到指定的文件。

2019-01-02 14:44:50 	身份验证有误：未能加载文件或程序集“Oracle.ManagedDataAccess, Version=4.121.1.0, Culture=neutral, PublicKeyToken=89b483f429c47342”或它的某一个依赖项。系统找不到指定的文件。

2019-01-02 14:45:26 	身份验证有误：未能加载文件或程序集“Oracle.ManagedDataAccess, Version=4.121.1.0, Culture=neutral, PublicKeyToken=89b483f429c47342”或它的某一个依赖项。系统找不到指定的文件。

2019-01-02 14:45:37 	身份验证有误：未能加载文件或程序集“Oracle.ManagedDataAccess, Version=4.121.1.0, Culture=neutral, PublicKeyToken=89b483f429c47342”或它的某一个依赖项。系统找不到指定的文件。

2019-01-02 14:45:44 	身份验证有误：未能加载文件或程序集“Oracle.ManagedDataAccess, Version=4.121.1.0, Culture=neutral, PublicKeyToken=89b483f429c47342”或它的某一个依赖项。系统找不到指定的文件。

2019-01-02 14:45:53 	身份验证有误：未能加载文件或程序集“Oracle.ManagedDataAccess, Version=4.121.1.0, Culture=neutral, PublicKeyToken=89b483f429c47342”或它的某一个依赖项。系统找不到指定的文件。

2019-01-02 14:46:03 	身份验证有误：未能加载文件或程序集“Oracle.ManagedDataAccess, Version=4.121.1.0, Culture=neutral, PublicKeyToken=89b483f429c47342”或它的某一个依赖项。系统找不到指定的文件。

2019-01-02 14:46:04 	身份验证有误：未能加载文件或程序集“Oracle.ManagedDataAccess, Version=4.121.1.0, Culture=neutral, PublicKeyToken=89b483f429c47342”或它的某一个依赖项。系统找不到指定的文件。

2019-01-02 14:46:13 	身份验证有误：未能加载文件或程序集“Oracle.ManagedDataAccess, Version=4.121.1.0, Culture=neutral, PublicKeyToken=89b483f429c47342”或它的某一个依赖项。系统找不到指定的文件。

2019-01-02 14:47:26 	加载配置成功

2019-01-02 14:48:05 	加载配置成功

2019-01-02 14:48:37 	加载配置成功

2019-01-02 14:49:04 	加载配置成功

2019-01-02 14:49:04 	身份验证有误：未能加载文件或程序集“Oracle.ManagedDataAccess, Version=4.121.1.0, Culture=neutral, PublicKeyToken=89b483f429c47342”或它的某一个依赖项。系统找不到指定的文件。

2019-01-02 14:49:25 	身份验证有误：未能加载文件或程序集“Oracle.ManagedDataAccess, Version=4.121.1.0, Culture=neutral, PublicKeyToken=89b483f429c47342”或它的某一个依赖项。系统找不到指定的文件。

2019-01-02 14:50:29 	加载配置成功

2019-01-02 14:50:29 	身份验证有误：未能加载文件或程序集“MySql.Data, Version=5.2.3.0, Culture=neutral, PublicKeyToken=c5687fc88969c44d”或它的某一个依赖项。系统找不到指定的文件。

2019-01-02 14:50:31 	身份验证有误：未能加载文件或程序集“MySql.Data, Version=5.2.3.0, Culture=neutral, PublicKeyToken=c5687fc88969c44d”或它的某一个依赖项。系统找不到指定的文件。

2019-01-02 14:50:44 	身份验证有误：未能加载文件或程序集“MySql.Data, Version=5.2.3.0, Culture=neutral, PublicKeyToken=c5687fc88969c44d”或它的某一个依赖项。系统找不到指定的文件。

2019-01-02 14:50:58 	加载配置成功

2019-01-02 14:50:58 	身份验证有误：未能加载文件或程序集“MySql.Data, Version=5.2.3.0, Culture=neutral, PublicKeyToken=c5687fc88969c44d”或它的某一个依赖项。系统找不到指定的文件。

2019-01-02 14:51:50 	加载配置成功

2019-01-02 14:53:05 	加载配置成功

2019-01-02 14:53:32 	加载配置成功

2019-01-02 14:54:10 	加载配置成功

2019-01-02 14:59:52 	
身份验证错误
2019-01-02 15:01:34 	
身份验证错误
2019-01-02 15:01:36 	
身份验证错误
2019-01-02 15:36:48 	加载配置成功

2019-01-02 15:38:58 	加载配置成功

2019-01-02 15:49:57 	加载配置成功

2019-01-02 15:54:56 	加载配置成功

2019-01-02 15:55:38 	加载配置成功

2019-01-02 16:38:27 	加载配置成功

2019-01-02 16:38:35 	
身份验证错误
2019-01-02 16:48:47 	加载配置成功

2019-01-02 17:09:55 	加载配置成功

2019-01-02 17:12:20 	加载配置成功

2019-01-02 17:12:51 	
身份验证错误
2019-01-02 18:35:52 	加载配置成功

2019-01-02 18:36:40 	
身份验证错误
2019-01-02 18:36:50 	
身份验证错误
2019-01-02 18:37:01 	
身份验证错误
2019-01-02 18:37:04 	
身份验证错误